<?xml version="1.0" encoding="UTF-8"?>
<testng-results skipped="0" failed="0" ignored="0" total="2" passed="2">
  <reporter-output>
  </reporter-output>
  <suite name="Suite" duration-ms="16554" started-at="2020-04-14T18:41:02 IST" finished-at="2020-04-14T18:41:19 IST">
    <groups>
    </groups>
    <test name="TestOnFirefox" duration-ms="13876" started-at="2020-04-14T18:41:02 IST" finished-at="2020-04-14T18:41:16 IST">
      <class name="BasicLogin.ParallelProgram">
        <test-method status="PASS" signature="browserLaunch(java.lang.String)[pri:0, instance:BasicLogin.ParallelProgram@657c8ad9]" name="browserLaunch" duration-ms="13794" started-at="2020-04-14T18:41:03 IST" finished-at="2020-04-14T18:41:16 IST">
          <params>
            <param index="0">
              <value>
                <![CDATA[firefox]]>
              </value>
            </param>
          </params>
          <reporter-output>
          </reporter-output>
        </test-method> <!-- browserLaunch -->
      </class> <!-- BasicLogin.ParallelProgram -->
    </test> <!-- TestOnFirefox -->
    <test name="TestOnChrome" duration-ms="16554" started-at="2020-04-14T18:41:02 IST" finished-at="2020-04-14T18:41:19 IST">
      <class name="BasicLogin.ParallelProgram">
        <test-method status="PASS" signature="browserLaunch(java.lang.String)[pri:0, instance:BasicLogin.ParallelProgram@212bf671]" name="browserLaunch" duration-ms="16488" started-at="2020-04-14T18:41:03 IST" finished-at="2020-04-14T18:41:19 IST">
          <params>
            <param index="0">
              <value>
                <![CDATA[chrome]]>
              </value>
            </param>
          </params>
          <reporter-output>
          </reporter-output>
        </test-method> <!-- browserLaunch -->
      </class> <!-- BasicLogin.ParallelProgram -->
    </test> <!-- TestOnChrome -->
  </suite> <!-- Suite -->
</testng-results>
